<?xml version="1.0" encoding="UTF-8"?>
<testng-results ignored="0" total="2" passed="2" failed="0" skipped="0">
  <reporter-output>
  </reporter-output>
  <suite started-at="2021-09-15T13:51:26 EDT" name="Default suite" finished-at="2021-09-15T13:51:39 EDT" duration-ms="12535">
    <groups>
    </groups>
    <test started-at="2021-09-15T13:51:26 EDT" name="Default test" finished-at="2021-09-15T13:51:39 EDT" duration-ms="12535">
      <class name="com.PHPtravels.testCases.userAccountTest">
        <test-method signature="addUser()[pri:0, instance:com.PHPtravels.testCases.userAccountTest@27cbfddf]" started-at="2021-09-15T13:51:28 EDT" name="addUser" finished-at="2021-09-15T13:51:28 EDT" duration-ms="10" status="PASS">
          <reporter-output>
          </reporter-output>
        </test-method> <!-- addUser -->
        <test-method signature="deleteUsers()[pri:0, instance:com.PHPtravels.testCases.userAccountTest@27cbfddf]" started-at="2021-09-15T13:51:28 EDT" name="deleteUsers" finished-at="2021-09-15T13:51:39 EDT" duration-ms="10387" status="PASS">
          <reporter-output>
          </reporter-output>
        </test-method> <!-- deleteUsers -->
      </class> <!-- com.PHPtravels.testCases.userAccountTest -->
    </test> <!-- Default test -->
  </suite> <!-- Default suite -->
</testng-results>
